Loading required package: DBI
n_rows:  1e+06 n_groups:  1000 
            [,1]  [,2]  [,3]
user.self  0.058 0.058 0.058
sys.self   0.001 0.000 0.000
elapsed    0.057 0.057 0.057
user.child 0.000 0.000 0.000
sys.child  0.000 0.000 0.000
n_rows:  1e+06 n_groups:  1000 
            [,1]  [,2]  [,3]
user.self  0.058 0.059 0.060
sys.self   0.001 0.000 0.000
elapsed    0.057 0.057 0.057
user.child 0.000 0.000 0.000
sys.child  0.000 0.000 0.000
n_rows:  1e+06 n_groups:  10000 
            [,1]  [,2]  [,3]
user.self  0.068 0.068 0.068
sys.self   0.000 0.000 0.000
elapsed    0.067 0.066 0.067
user.child 0.000 0.000 0.000
sys.child  0.000 0.000 0.000
n_rows:  1e+06 n_groups:  1e+05 
            [,1]  [,2]  [,3]
user.self  0.151 0.154 0.158
sys.self   0.000 0.001 0.013
elapsed    0.128 0.131 0.143
user.child 0.000 0.000 0.000
sys.child  0.000 0.000 0.000
n_rows:  1e+06 n_groups:  1e+06 
            [,1]  [,2]  [,3]
user.self  0.345 0.354 0.371
sys.self   0.083 0.018 0.025
elapsed    0.217 0.219 0.226
user.child 0.000 0.000 0.000
sys.child  0.000 0.000 0.000
n_rows:  1e+07 n_groups:  1000 
            [,1]  [,2]  [,3]
user.self  0.573 0.574 0.575
sys.self   0.008 0.000 0.000
elapsed    0.567 0.559 0.560
user.child 0.000 0.000 0.000
sys.child  0.000 0.000 0.000
n_rows:  1e+07 n_groups:  10000 
            [,1]  [,2]  [,3]
user.self  0.651 0.653 0.681
sys.self   0.003 0.004 0.008
elapsed    0.643 0.641 0.672
user.child 0.000 0.000 0.000
sys.child  0.000 0.000 0.000
n_rows:  1e+07 n_groups:  1e+05 
            [,1]  [,2]  [,3]
user.self  1.182 1.169 1.164
sys.self   0.013 0.022 0.002
elapsed    1.144 1.129 1.119
user.child 0.000 0.000 0.000
sys.child  0.000 0.000 0.000
n_rows:  1e+07 n_groups:  1e+06 
            [,1]  [,2]  [,3]
user.self  1.823 1.910 1.927
sys.self   0.083 0.060 0.147
elapsed    1.665 1.787 1.798
user.child 0.000 0.000 0.000
sys.child  0.000 0.000 0.000
n_rows:  1e+07 n_groups:  1e+07 
            [,1]  [,2]  [,3]
user.self  3.685 3.889 3.744
sys.self   1.059 0.263 0.294
elapsed    2.449 2.484 2.428
user.child 0.000 0.000 0.000
sys.child  0.000 0.000 0.000
n_rows:  1e+08 n_groups:  1000 
            [,1]  [,2]  [,3]
user.self  5.722 5.737 5.719
sys.self   0.013 0.021 0.015
elapsed    5.575 5.610 5.593
user.child 0.000 0.000 0.000
sys.child  0.000 0.000 0.000
n_rows:  1e+08 n_groups:  1e+05 
             [,1]   [,2]   [,3]
user.self  11.175 11.397 11.521
sys.self    0.113  0.098  0.039
elapsed    10.976 11.184 11.246
user.child  0.000  0.000  0.000
sys.child   0.000  0.000  0.000
n_rows:  1e+08 n_groups:  1e+06 
             [,1]   [,2]   [,3]
user.self  15.715 16.027 16.087
sys.self    0.292  0.283  0.128
elapsed    15.437 15.739 15.624
user.child  0.000  0.000  0.000
sys.child   0.000  0.000  0.000
n_rows:  1e+08 n_groups:  1e+07 
             [,1]   [,2]   [,3]
user.self  21.597 21.398 21.480
sys.self    0.637  0.590  0.481
elapsed    19.488 19.707 19.667
user.child  0.000  0.000  0.000
sys.child   0.000  0.000  0.000
n_rows:  1e+08 n_groups:  1e+08 
             [,1]   [,2]   [,3]
user.self  44.508 44.607 43.408
sys.self   12.830 12.339  7.602
elapsed    25.301 24.330 24.345
user.child  0.000  0.000  0.000
sys.child   0.000  0.000  0.000
